<?xml version="1.0" encoding="UTF-8"?>
<!-- Generated by org.testng.reporters.JUnitXMLReporter -->
<testsuite ignored="0" hostname="DESKTOP-5NL0SLF" failures="0" tests="3" name="Default test" time="0.157" errors="0" timestamp="2024-03-03T11:29:11 IST">
  <testcase classname="SeleniumTestNG.FirstProgram" name="Login" time="0.017"/>
  <testcase classname="SeleniumTestNG.FirstProgram" name="ab" time="0.013"/>
  <testcase classname="SeleniumTestNG.FirstProgram" name="home" time="0.011"/>
</testsuite> <!-- Default test -->
