<?xml version="1.0" encoding="UTF-8"?>
<!-- Generated by org.testng.reporters.JUnitXMLReporter -->
<testsuite ignored="0" hostname="DESKTOP-5NL0SLF" failures="0" tests="7" name="Default test" time="43.757" errors="0" timestamp="2024-03-03T12:04:02 IST">
  <testcase classname="SeleniumTestNG.InvocationCount" name="chromeopen" time="10.585"/>
  <testcase classname="SeleniumTestNG.InvocationCount" name="chromeopen" time="8.076"/>
  <testcase classname="SeleniumTestNG.InvocationCount" name="chromeopen" time="17.048"/>
  <testcase classname="SeleniumTestNG.InvocationCount" name="login" time="0.484"/>
  <testcase classname="SeleniumTestNG.InvocationCount" name="loginbutton" time="0.227"/>
  <testcase classname="SeleniumTestNG.InvocationCount" name="loginbutton" time="6.111"/>
  <testcase classname="SeleniumTestNG.InvocationCount" name="loginbutton" time="1.119"/>
</testsuite> <!-- Default test -->
