<?xml version="1.0" encoding="UTF-8"?>
<testng-results ignored="0" total="6" passed="6" failed="0" skipped="0">
  <reporter-output>
  </reporter-output>
  <suite started-at="2024-03-03T11:43:33 IST" name="Default suite" finished-at="2024-03-03T11:43:33 IST" duration-ms="141">
    <groups>
    </groups>
    <test started-at="2024-03-03T11:43:33 IST" name="Default test" finished-at="2024-03-03T11:43:33 IST" duration-ms="141">
      <class name="SeleniumTestNG.PriorityKeyword2">
        <test-method signature="z()[pri:-3, instance:SeleniumTestNG.PriorityKeyword2@fa49800]" started-at="2024-03-03T11:43:33 IST" name="z" finished-at="2024-03-03T11:43:33 IST" duration-ms="15" status="PASS">
          <reporter-output>
          </reporter-output>
        </test-method> <!-- z -->
        <test-method signature="b()[pri:0, instance:SeleniumTestNG.PriorityKeyword2@fa49800]" started-at="2024-03-03T11:43:33 IST" name="b" finished-at="2024-03-03T11:43:33 IST" duration-ms="3" status="PASS">
          <reporter-output>
          </reporter-output>
        </test-method> <!-- b -->
        <test-method signature="Logout()[pri:1, instance:SeleniumTestNG.PriorityKeyword2@fa49800]" started-at="2024-03-03T11:43:33 IST" name="Logout" finished-at="2024-03-03T11:43:33 IST" duration-ms="3" status="PASS">
          <reporter-output>
          </reporter-output>
        </test-method> <!-- Logout -->
        <test-method signature="Login()[pri:2, instance:SeleniumTestNG.PriorityKeyword2@fa49800]" started-at="2024-03-03T11:43:33 IST" name="Login" finished-at="2024-03-03T11:43:33 IST" duration-ms="4" status="PASS">
          <reporter-output>
          </reporter-output>
        </test-method> <!-- Login -->
        <test-method signature="Home()[pri:3, instance:SeleniumTestNG.PriorityKeyword2@fa49800]" started-at="2024-03-03T11:43:33 IST" name="Home" finished-at="2024-03-03T11:43:33 IST" duration-ms="3" status="PASS">
          <reporter-output>
          </reporter-output>
        </test-method> <!-- Home -->
        <test-method signature="ad()[pri:4000, instance:SeleniumTestNG.PriorityKeyword2@fa49800]" started-at="2024-03-03T11:43:33 IST" name="ad" finished-at="2024-03-03T11:43:33 IST" duration-ms="5" status="PASS">
          <reporter-output>
          </reporter-output>
        </test-method> <!-- ad -->
      </class> <!-- SeleniumTestNG.PriorityKeyword2 -->
    </test> <!-- Default test -->
  </suite> <!-- Default suite -->
</testng-results>
